# JRE version: OpenJDK Runtime Environment (11.0.4+10) (build 11.0.4+10-b304.69)
# Java VM: OpenJDK 64-Bit Server VM (11.0.4+10-b304.69, mixed mode, sharing, tiered, compressed oops, g1 gc, windows-amd64)
Heap:
 garbage-first heap   total 63488K, used 29970K [0x00000000c3800000, 0x0000000100000000)
  region size 1024K, 24 young (24576K), 2 survivors (2048K)
 Metaspace       used 17106K, capacity 17800K, committed 18048K, reserved 1064960K
  class space    used 2091K, capacity 2346K, committed 2432K, reserved 1048576K
GC Heap History (10 events):
Event: 6.536 GC heap before
{Heap before GC invocations=1 (full 0):
 garbage-first heap   total 63488K, used 13897K [0x00000000c3800000, 0x0000000100000000)
  region size 1024K, 10 young (10240K), 2 survivors (2048K)
 Metaspace       used 3607K, capacity 6300K, committed 6528K, reserved 1056768K
  class space    used 383K, capacity 636K, committed 640K, reserved 1048576K
}
Event: 6.539 GC heap after
{Heap after GC invocations=2 (full 0):
 garbage-first heap   total 63488K, used 6416K [0x00000000c3800000, 0x0000000100000000)
  region size 1024K, 1 young (1024K), 1 survivors (1024K)
 Metaspace       used 3607K, capacity 6300K, committed 6528K, reserved 1056768K
  class space    used 383K, capacity 636K, committed 640K, reserved 1048576K
}
Event: 8.023 GC heap before
{Heap before GC invocations=2 (full 0):
 garbage-first heap   total 63488K, used 28944K [0x00000000c3800000, 0x0000000100000000)
  region size 1024K, 23 young (23552K), 1 survivors (1024K)
 Metaspace       used 7358K, capacity 8770K, committed 8832K, reserved 1056768K
  class space    used 906K, capacity 1111K, committed 1152K, reserved 1048576K
}
Event: 8.029 GC heap after
{Heap after GC invocations=3 (full 0):
 garbage-first heap   total 63488K, used 7554K [0x00000000c3800000, 0x0000000100000000)
  region size 1024K, 2 young (2048K), 2 survivors (2048K)
 Metaspace       used 7358K, capacity 8770K, committed 8832K, reserved 1056768K
  class space    used 906K, capacity 1111K, committed 1152K, reserved 1048576K
}
Event: 8.993 GC heap before
{Heap before GC invocations=3 (full 0):
 garbage-first heap   total 63488K, used 34178K [0x00000000c3800000, 0x0000000100000000)
  region size 1024K, 28 young (28672K), 2 survivors (2048K)
 Metaspace       used 12032K, capacity 12935K, committed 13184K, reserved 1060864K
  class space    used 1456K, capacity 1647K, committed 1664K, reserved 1048576K
}
Event: 9.050 GC heap after
{Heap after GC invocations=4 (full 0):
 garbage-first heap   total 63488K, used 8377K [0x00000000c3800000, 0x0000000100000000)
  region size 1024K, 3 young (3072K), 3 survivors (3072K)
 Metaspace       used 12032K, capacity 12935K, committed 13184K, reserved 1060864K
  class space    used 1456K, capacity 1647K, committed 1664K, reserved 1048576K
}
Event: 10.295 GC heap before
{Heap before GC invocations=4 (full 0):
 garbage-first heap   total 63488K, used 36025K [0x00000000c3800000, 0x0000000100000000)
  region size 1024K, 31 young (31744K), 3 survivors (3072K)
 Metaspace       used 15330K, capacity 15954K, committed 16256K, reserved 1062912K
  class space    used 1909K, capacity 2125K, committed 2176K, reserved 1048576K
}
Event: 10.302 GC heap after
{Heap after GC invocations=5 (full 0):
 garbage-first heap   total 63488K, used 9384K [0x00000000c3800000, 0x0000000100000000)
  region size 1024K, 3 young (3072K), 3 survivors (3072K)
 Metaspace       used 15330K, capacity 15954K, committed 16256K, reserved 1062912K
  class space    used 1909K, capacity 2125K, committed 2176K, reserved 1048576K
}
Event: 10.340 GC heap before
{Heap before GC invocations=5 (full 0):
 garbage-first heap   total 63488K, used 39080K [0x00000000c3800000, 0x0000000100000000)
  region size 1024K, 33 young (33792K), 3 survivors (3072K)
 Metaspace       used 15339K, capacity 15954K, committed 16256K, reserved 1062912K
  class space    used 1910K, capacity 2125K, committed 2176K, reserved 1048576K
}
Event: 10.345 GC heap after
{Heap after GC invocations=6 (full 0):
 garbage-first heap   total 63488K, used 9490K [0x00000000c3800000, 0x0000000100000000)
  region size 1024K, 2 young (2048K), 2 survivors (2048K)
 Metaspace       used 15339K, capacity 15954K, committed 16256K, reserved 1062912K
  class space    used 1910K, capacity 2125K, committed 2176K, reserved 1048576K
}

